[2025-03-13 22:24:05] [INFO] [DBManager] - Database config loaded successfully.
[2025-03-15 09:57:23] [INFO] [DBManager] - Database config loaded successfully.
[2025-03-15 14:19:17] [INFO] [DBManager] - Database config loaded successfully.
[2025-03-16 01:01:18] [INFO] [DBManager] - Database config loaded successfully.
[2025-03-16 01:12:35] [INFO] [DBManager] - Database config loaded successfully.
[2025-03-16 01:16:12] [INFO] [DBManager] - Database config loaded successfully.
[2025-03-16 01:19:12] [INFO] [DBManager] - Database config loaded successfully.
[2025-03-16 01:21:16] [INFO] [DBManager] - Database config loaded successfully.
[2025-03-16 01:30:10] [INFO] [DBManager] - Database config loaded successfully.
[2025-03-16 01:31:01] [INFO] [DBManager] - Database config loaded successfully.
[2025-03-16 12:37:41] [INFO] [DBManager] - Database config loaded successfully.
[2025-03-16 12:46:44] [INFO] [DBManager] - Database config loaded successfully.
[2025-03-16 12:48:33] [INFO] [DBManager] - Database config loaded successfully.
[2025-03-16 15:26:59] [INFO] [DBManager] - Database config loaded successfully.
[2025-03-16 17:07:59] [INFO] [DBManager] - Database config loaded successfully.
[2025-03-16 20:28:16] [INFO] [DBManager] - Database config loaded successfully.
[2025-03-16 22:39:32] [INFO] [DBManager] - Database config loaded successfully.
[2025-03-16 22:39:32] [INFO] [DBManager] - Yeni kullanıcı oluşturuldu: abkarada
[2025-03-16 22:39:32] [INFO] [EmailSender] - Config file successfully load..
[2025-03-16 22:43:13] [INFO] [DBManager] - Database config loaded successfully.
[2025-03-16 22:43:14] [INFO] [DBManager] - Yeni kullanıcı oluşturuldu: caras
[2025-03-16 22:43:14] [INFO] [EmailSender] - Config file successfully load..
[2025-03-16 22:48:04] [INFO] [DBManager] - Database config loaded successfully.
[2025-03-16 22:48:04] [INFO] [DBManager] - Yeni kullanıcı oluşturuldu: asd
[2025-03-16 22:48:04] [INFO] [EmailSender] - Email config loaded successfully.
[2025-03-16 22:55:47] [INFO] [DBManager] - Database config loaded successfully.
[2025-03-16 23:01:42] [INFO] [DBManager] - Database config loaded successfully.
[2025-03-16 23:01:42] [INFO] [DBManager] - Yeni kullanıcı oluşturuldu: abkarada
[2025-03-16 23:01:42] [INFO] [EmailSender] - Email config loaded successfully.
[2025-03-16 23:09:08] [INFO] [DBManager] - Database config loaded successfully.
[2025-03-16 23:09:08] [INFO] [DBManager] - Yeni kullanıcı oluşturuldu: abkarada
[2025-03-16 23:09:08] [INFO] [EmailSender] - Email config loaded successfully.
[2025-03-17 14:02:25] [INFO] [DBManager] - Database config loaded successfully.
[2025-03-17 14:02:25] [INFO] [DBManager] - Yeni kullanıcı oluşturuldu: abkarda
[2025-03-17 14:02:25] [INFO] [EmailSender] - Email config loaded successfully.
[2025-03-17 14:07:37] [INFO] [DBManager] - Database config loaded successfully.
[2025-03-17 14:07:37] [INFO] [DBManager] - Yeni kullanıcı oluşturuldu: abkarada
[2025-03-17 14:07:37] [INFO] [EmailSender] - Email config loaded successfully.
[2025-03-17 18:46:34] [INFO] [DBManager] - Database config loaded successfully.
[2025-03-17 18:46:34] [INFO] [DBManager] - Yeni kullanıcı oluşturuldu: abkarada
[2025-03-17 18:50:57] [INFO] [DBManager] - Database config loaded successfully.
[2025-03-17 18:50:57] [INFO] [DBManager] - Yeni kullanıcı oluşturuldu: caras
[2025-03-17 18:55:54] [INFO] [DBManager] - Database config loaded successfully.
[2025-03-17 18:55:54] [INFO] [DBManager] - Yeni kullanıcı oluşturuldu: abkarada
[2025-03-17 19:11:45] [INFO] [DBManager] - Database config loaded successfully.
[2025-03-17 19:11:46] [INFO] [DBManager] - Yeni kullanıcı oluşturuldu: asd
[2025-03-17 19:11:46] [INFO] [EmailSender] - Email config loaded successfully.
[2025-03-17 20:15:14] [INFO] [DBManager] - Database config loaded successfully.
[2025-03-17 20:15:14] [INFO] [DBManager] - Yeni kullanıcı oluşturuldu: abkarada
[2025-03-17 20:15:15] [INFO] [EmailSender] - Email config loaded successfully.
[2025-03-17 20:17:19] [INFO] [DBManager] - Database config loaded successfully.
[2025-03-17 20:17:19] [INFO] [DBManager] - Yeni kullanıcı oluşturuldu: abkarada
[2025-03-17 20:17:19] [INFO] [EmailSender] - Email config loaded successfully.
[2025-03-17 20:22:33] [INFO] [DBManager] - Database config loaded successfully.
[2025-03-17 20:22:33] [INFO] [DBManager] - Yeni kullanıcı oluşturuldu: saferoom
[2025-03-17 20:22:33] [INFO] [EmailSender] - Email config loaded successfully.
[2025-03-17 20:44:18] [INFO] [DBManager] - Database config loaded successfully.
[2025-03-17 20:44:18] [INFO] [DBManager] - Yeni kullanıcı oluşturuldu: abkarada
[2025-03-17 20:44:18] [INFO] [EmailSender] - Email config loaded successfully.
[2025-03-17 20:48:14] [INFO] [DBManager] - Database config loaded successfully.
[2025-03-17 20:48:53] [INFO] [DBManager] - Yeni kullanıcı oluşturuldu: abkarada
[2025-03-17 20:48:53] [INFO] [EmailSender] - Email config loaded successfully.
[2025-03-17 20:55:33] [INFO] [DBManager] - Database config loaded successfully.
[2025-03-17 20:55:33] [INFO] [DBManager] - Yeni kullanıcı oluşturuldu: abkarada
[2025-03-17 20:55:33] [INFO] [EmailSender] - Email config loaded successfully.
[2025-03-17 20:57:29] [INFO] [DBManager] - Database config loaded successfully.
[2025-03-17 20:57:29] [INFO] [DBManager] - Yeni kullanıcı oluşturuldu: abkarada
[2025-03-17 20:57:29] [INFO] [EmailSender] - Email config loaded successfully.
[2025-03-17 22:52:06] [INFO] [DBManager] - Database config loaded successfully.
[2025-03-17 22:52:07] [INFO] [DBManager] - Yeni kullanıcı oluşturuldu: abkarada
[2025-03-17 22:52:07] [INFO] [EmailSender] - Email config loaded successfully.
[2025-03-17 23:02:40] [INFO] [DBManager] - Database config loaded successfully.
[2025-03-17 23:02:40] [INFO] [DBManager] - Yeni kullanıcı oluşturuldu: caras
[2025-03-17 23:02:40] [INFO] [EmailSender] - Email config loaded successfully.
[2025-03-17 23:08:59] [INFO] [DBManager] - Database config loaded successfully.
[2025-03-17 23:08:59] [INFO] [DBManager] - Yeni kullanıcı oluşturuldu: caras
[2025-03-17 23:08:59] [INFO] [EmailSender] - Email config loaded successfully.
[2025-03-17 23:33:42] [INFO] [DBManager] - Database config loaded successfully.
[2025-03-17 23:33:43] [INFO] [DBManager] - Yeni kullanıcı oluşturuldu: Caras
[2025-03-17 23:33:43] [INFO] [EmailSender] - Email config loaded successfully.
[2025-03-17 23:38:25] [INFO] [DBManager] - Database config loaded successfully.
[2025-03-17 23:38:26] [INFO] [DBManager] - Yeni kullanıcı oluşturuldu: Caras
[2025-03-17 23:38:26] [INFO] [EmailSender] - Email config loaded successfully.
[2025-03-18 15:33:48] [INFO] [DBManager] - Database config loaded successfully.
[2025-03-18 15:33:48] [INFO] [DBManager] - Yeni kullanıcı oluşturuldu: abkarada
[2025-03-18 15:33:48] [INFO] [EmailSender] - Email config loaded successfully.
[2025-03-18 15:36:05] [INFO] [DBManager] - Yeni kullanıcı oluşturuldu: JBond
[2025-03-18 15:38:01] [INFO] [DBManager] - Database config loaded successfully.
[2025-03-18 15:38:01] [INFO] [DBManager] - Yeni kullanıcı oluşturuldu: kHayri
[2025-03-18 15:38:01] [INFO] [EmailSender] - Email config loaded successfully.
[2025-03-18 15:39:24] [INFO] [DBManager] - Database config loaded successfully.
[2025-03-18 15:39:49] [INFO] [DBManager] - Yeni kullanıcı oluşturuldu: kHayri
[2025-03-18 15:39:50] [INFO] [EmailSender] - Email config loaded successfully.
[2025-03-18 15:41:56] [INFO] [DBManager] - Database config loaded successfully.
[2025-03-20 13:29:35] [INFO] [DBManager] - Database config loaded successfully.
[2025-03-20 13:31:45] [INFO] [DBManager] - Yeni kullanıcı oluşturuldu: S.Bilal
[2025-03-20 13:31:45] [INFO] [EmailSender] - Email config loaded successfully.
[2025-04-24 14:32:16] [ERROR] [DBManager] - Database Config loaded successfully.
[2025-04-24 14:32:16] [ERROR] [DBManager] - DataBase Config loading failed.The url cannot be null
[2025-04-24 17:37:09] [ERROR] [DBManager] - Database Config loaded successfully.
[2025-04-24 17:37:09] [ERROR] [DBManager] - DataBase Config loading failed.The url cannot be null
[2025-04-24 17:46:02] [ERROR] [DBManager] - Database Config loaded successfully.
[2025-04-24 17:46:02] [ERROR] [DBManager] - DataBase Config loading failed.The url cannot be null
[2025-04-24 18:00:59] [ERROR] [DBManager] - Database Config loaded successfully.
[2025-04-24 18:00:59] [ERROR] [DBManager] - DataBase Config loading failed.The url cannot be null
[2025-04-24 18:18:03] [ERROR] [DBManager] - Database Config loaded successfully.
[2025-04-24 18:18:03] [ERROR] [DBManager] - DataBase Config loading failed.The url cannot be null
[2025-04-24 18:38:57] [ERROR] [DBManager] - Database Config loaded successfully.
[2025-04-24 18:38:57] [ERROR] [DBManager] - DataBase Config loading failed.The url cannot be null
[2025-04-24 18:41:51] [INFO] [DBManager] - Database config loaded successfully.
[2025-04-24 18:41:52] [INFO] [DBManager] - Yeni kullanıcı oluşturuldu: abkarada
[2025-04-24 18:41:52] [ERROR] [EmailSender] - Config file not found: src/resources/emailconfig.properties (No such file or directory)
[2025-04-24 18:41:52] [ERROR] [EmailSender] - Email Config loading failed.Email Config file not found.
[2025-04-24 18:55:43] [INFO] [DBManager] - Database config loaded successfully.
[2025-04-24 18:55:43] [INFO] [DBManager] - Yeni kullanıcı oluşturuldu: abkarada
[2025-04-24 18:55:43] [ERROR] [EmailSender] - Config file not found: src/resources/emailconfig.properties (No such file or directory)
[2025-04-24 18:55:43] [ERROR] [EmailSender] - Email Config loading failed.Email Config file not found.
[2025-04-24 18:58:27] [INFO] [DBManager] - Database config loaded successfully.
[2025-04-24 18:58:28] [INFO] [DBManager] - Yeni kullanıcı oluşturuldu: abkarada
[2025-04-24 18:58:28] [INFO] [EmailSender] - Email config loaded successfully.
[2025-05-07 14:06:06] [INFO] [DBManager] - Database config loaded successfully.
[2025-05-07 14:08:46] [INFO] [DBManager] - Yeni kullanıcı oluşturuldu: abkarada
[2025-05-07 14:08:46] [INFO] [EmailSender] - Email config loaded successfully.
[2025-05-07 14:11:31] [INFO] [DBManager] - Database config loaded successfully.
[2025-05-07 14:11:31] [INFO] [DBManager] - Yeni kullanıcı oluşturuldu: abkarada
[2025-05-07 14:11:31] [INFO] [EmailSender] - Email config loaded successfully.
[2025-05-07 14:33:12] [INFO] [DBManager] - Database config loaded successfully.
[2025-05-07 14:33:12] [INFO] [DBManager] - Yeni kullanıcı oluşturuldu: abkarada
[2025-05-07 14:33:12] [INFO] [EmailSender] - Email config loaded successfully.
[2025-05-07 14:34:47] [INFO] [DBManager] - Database config loaded successfully.
[2025-05-07 15:11:14] [INFO] [DBManager] - Database config loaded successfully.
[2025-05-07 15:30:09] [INFO] [DBManager] - Database config loaded successfully.
[2025-05-07 15:36:33] [INFO] [DBManager] - Database config loaded successfully.
[2025-05-07 15:39:10] [INFO] [DBManager] - Database config loaded successfully.
[2025-05-07 15:42:02] [INFO] [DBManager] - Database config loaded successfully.
[2025-05-07 16:35:15] [INFO] [DBManager] - Database config loaded successfully.
[2025-05-07 16:39:47] [INFO] [DBManager] - Database config loaded successfully.
[2025-05-07 16:47:06] [INFO] [DBManager] - Database config loaded successfully.
[2025-05-07 16:52:21] [INFO] [DBManager] - Database config loaded successfully.
[2025-05-07 16:55:44] [INFO] [DBManager] - Database config loaded successfully.
[2025-05-07 17:00:31] [INFO] [DBManager] - Database config loaded successfully.
[2025-05-07 17:06:04] [INFO] [DBManager] - Database config loaded successfully.
[2025-05-07 17:14:30] [INFO] [DBManager] - Database config loaded successfully.
[2025-05-07 17:17:21] [INFO] [DBManager] - Database config loaded successfully.
[2025-05-07 17:31:45] [INFO] [DBManager] - Database config loaded successfully.
[2025-05-07 17:34:55] [INFO] [DBManager] - Database config loaded successfully.
[2025-05-07 17:38:57] [INFO] [DBManager] - Database config loaded successfully.
[2025-05-07 17:41:54] [INFO] [DBManager] - Database config loaded successfully.
[2025-05-07 17:48:14] [INFO] [DBManager] - Database config loaded successfully.
[2025-05-07 17:53:17] [INFO] [DBManager] - Database config loaded successfully.
[2025-05-07 18:07:03] [INFO] [DBManager] - Database config loaded successfully.
[2025-05-07 20:03:30] [INFO] [DBManager] - Database config loaded successfully.
[2025-05-07 20:05:18] [INFO] [DBManager] - Database config loaded successfully.
[2025-05-07 20:07:43] [INFO] [DBManager] - Database config loaded successfully.
[2025-05-07 20:13:12] [INFO] [DBManager] - Database config loaded successfully.
[2025-05-07 20:26:56] [INFO] [DBManager] - Database config loaded successfully.
[2025-05-07 20:28:57] [INFO] [DBManager] - Database config loaded successfully.
[2025-05-07 20:31:07] [INFO] [DBManager] - Database config loaded successfully.
[2025-05-07 20:38:17] [INFO] [DBManager] - Database config loaded successfully.
[2025-05-07 20:55:00] [INFO] [DBManager] - Database config loaded successfully.
[2025-05-09 12:27:43] [INFO] [DBManager] - Database config loaded successfully.
[2025-05-09 12:30:48] [INFO] [DBManager] - Database config loaded successfully.
[2025-05-09 12:33:31] [INFO] [DBManager] - Database config loaded successfully.
[2025-05-09 12:34:12] [INFO] [DBManager] - Database config loaded successfully.
[2025-05-09 12:36:14] [INFO] [DBManager] - Database config loaded successfully.
[2025-05-09 16:16:08] [INFO] [DBManager] - Database config loaded successfully.
[2025-05-09 16:23:59] [INFO] [DBManager] - Database config loaded successfully.
[2025-05-09 16:25:11] [INFO] [DBManager] - Database config loaded successfully.
[2025-05-09 16:31:02] [INFO] [DBManager] - Database config loaded successfully.
[2025-05-09 16:40:54] [INFO] [DBManager] - Database config loaded successfully.
[2025-05-09 16:52:36] [INFO] [DBManager] - Database config loaded successfully.
[2025-05-09 16:54:56] [INFO] [DBManager] - Database config loaded successfully.
[2025-05-09 16:59:08] [INFO] [DBManager] - Database config loaded successfully.
[2025-05-09 17:03:22] [INFO] [DBManager] - Database config loaded successfully.
[2025-05-09 17:16:09] [INFO] [DBManager] - Database config loaded successfully.
[2025-05-09 17:23:20] [INFO] [DBManager] - Database config loaded successfully.
[2025-05-09 17:26:20] [INFO] [DBManager] - Database config loaded successfully.
[2025-05-09 17:30:16] [INFO] [DBManager] - Database config loaded successfully.
[2025-05-09 17:32:59] [INFO] [DBManager] - Database config loaded successfully.
[2025-05-09 17:35:32] [INFO] [DBManager] - Database config loaded successfully.
[2025-05-09 17:38:13] [INFO] [DBManager] - Database config loaded successfully.
[2025-05-09 17:41:29] [INFO] [DBManager] - Database config loaded successfully.
[2025-05-09 17:59:36] [INFO] [DBManager] - Database config loaded successfully.
<<<<<<< HEAD
=======
[2025-05-09 18:56:28] [INFO] [DBManager] - Database config loaded successfully.
[2025-05-09 22:14:06] [INFO] [DBManager] - Database config loaded successfully.
[2025-05-10 15:15:26] [INFO] [DBManager] - Database config loaded successfully.
[2025-05-10 15:21:55] [INFO] [DBManager] - Database config loaded successfully.
[2025-05-10 15:28:23] [INFO] [DBManager] - Database config loaded successfully.
[2025-05-10 15:30:08] [INFO] [DBManager] - Database config loaded successfully.
[2025-05-10 15:31:25] [INFO] [DBManager] - Database config loaded successfully.
[2025-05-10 15:34:18] [INFO] [DBManager] - Database config loaded successfully.
[2025-05-10 15:35:58] [INFO] [DBManager] - Database config loaded successfully.
[2025-05-10 15:41:54] [INFO] [DBManager] - Database config loaded successfully.
[2025-05-10 15:44:34] [INFO] [DBManager] - Database config loaded successfully.
[2025-05-10 15:46:20] [INFO] [DBManager] - Database config loaded successfully.
[2025-05-10 15:49:57] [INFO] [DBManager] - Database config loaded successfully.
[2025-05-10 15:53:37] [INFO] [DBManager] - Database config loaded successfully.
[2025-05-10 15:57:03] [INFO] [DBManager] - Database config loaded successfully.
[2025-05-10 16:01:08] [INFO] [DBManager] - Database config loaded successfully.
[2025-05-10 16:39:31] [INFO] [DBManager] - Database config loaded successfully.
[2025-05-10 16:44:32] [INFO] [DBManager] - Database config loaded successfully.
[2025-05-10 16:47:22] [INFO] [DBManager] - Database config loaded successfully.
[2025-05-10 16:48:44] [INFO] [DBManager] - Database config loaded successfully.
[2025-05-10 16:49:38] [INFO] [DBManager] - Database config loaded successfully.
[2025-05-10 16:51:45] [INFO] [DBManager] - Database config loaded successfully.
[2025-05-10 16:52:59] [INFO] [DBManager] - Database config loaded successfully.
[2025-05-10 16:53:37] [INFO] [DBManager] - Database config loaded successfully.
>>>>>>> 1a5b1f3 (Updates & Changes)
